#
# There is insufficient memory for the Java Runtime Environment to continue.
# Native memory allocation (malloc) failed to allocate 359136 bytes for Chunk::new
# Possible reasons:
#   The system is out of physical RAM or swap space
#   In 32 bit mode, the process size limit was hit
# Possible solutions:
#   Reduce memory load on the system
#   Increase physical memory or swap space
#   Check if swap backing store is full
#   Use 64 bit Java on a 64 bit OS
#   Decrease Java heap size (-Xmx/-Xms)
#   Decrease number of Java threads
#   Decrease Java thread stack sizes (-Xss)
#   Set larger code cache with -XX:ReservedCodeCacheSize=
# This output file may be truncated or incomplete.
#
#  Out of Memory Error (allocation.cpp:390), pid=12200, tid=0x0000000000000628
#
# JRE version: Java(TM) SE Runtime Environment (8.0_121-b13) (build 1.8.0_121-b13)
# Java VM: Java HotSpot(TM) 64-Bit Server VM (25.121-b13 mixed mode windows-amd64 compressed oops)
# Failed to write core dump. Minidumps are not enabled by default on client versions of Windows
#

---------------  T H R E A D  ---------------

Current thread (0x0000000016d72800):  JavaThread "C2 CompilerThread1" daemon [_thread_in_native, id=1576, stack(0x00000000184e0000,0x00000000185e0000)]

Stack: [0x00000000184e0000,0x00000000185e0000]
[error occurred during error reporting (printing stack bounds), id 0xc0000005]

Native frames: (J=compiled Java code, j=interpreted, Vv=VM code, C=native code)


Current CompileTask:
C2:   1942 1240       4       java.io.WinNTFileSystem::normalize (143 bytes)


---------------  P R O C E S S  ---------------

Java Threads: ( => current thread )
  0x00000000192ea800 JavaThread "pool-1-thread-1" [_thread_blocked, id=13568, stack(0x0000000019f20000,0x000000001a020000)]
  0x00000000190e8000 JavaThread "Abandoned connection cleanup thread" daemon [_thread_blocked, id=2712, stack(0x00000000198e0000,0x00000000199e0000)]
  0x0000000016dcc800 JavaThread "Service Thread" daemon [_thread_blocked, id=3008, stack(0x0000000018ae0000,0x0000000018be0000)]
  0x0000000016d80000 JavaThread "C1 CompilerThread2" daemon [_thread_blocked, id=6024, stack(0x00000000185e0000,0x00000000186e0000)]
=>0x0000000016d72800 JavaThread "C2 CompilerThread1" daemon [_thread_in_native, id=1576, stack(0x00000000184e0000,0x00000000185e0000)]
  0x0000000016d70800 JavaThread "C2 CompilerThread0" daemon [_thread_blocked, id=4944, stack(0x00000000183e0000,0x00000000184e0000)]
  0x0000000016d6d800 JavaThread "Attach Listener" daemon [_thread_blocked, id=7180, stack(0x00000000182e0000,0x00000000183e0000)]
  0x0000000016d6c000 JavaThread "Signal Dispatcher" daemon [_thread_blocked, id=6976, stack(0x00000000181e0000,0x00000000182e0000)]
  0x00000000023da800 JavaThread "Finalizer" daemon [_thread_blocked, id=12044, stack(0x0000000017ff0000,0x00000000180f0000)]
  0x0000000016d39000 JavaThread "Reference Handler" daemon [_thread_blocked, id=11740, stack(0x0000000017ef0000,0x0000000017ff0000)]
  0x000000000042d800 JavaThread "main" [_thread_in_native, id=12444, stack(0x0000000002100000,0x0000000002200000)]

Other Threads:
  0x0000000016d37800 VMThread [stack: 0x0000000017df0000,0x0000000017ef0000] [id=9868]
  0x0000000018723000 WatcherThread [stack: 0x0000000018be0000,0x0000000018ce0000] [id=1088]

VM state:not at safepoint (normal execution)

VM Mutex/Monitor currently owned by a thread: None

Heap:
 PSYoungGen      total 36864K, used 22469K [0x00000000d6d00000, 0x00000000d9600000, 0x0000000100000000)
  eden space 31744K, 54% used [0x00000000d6d00000,0x00000000d7df8998,0x00000000d8c00000)
  from space 5120K, 99% used [0x00000000d9100000,0x00000000d95f8d00,0x00000000d9600000)
  to   space 5120K, 0% used [0x00000000d8c00000,0x00000000d8c00000,0x00000000d9100000)
 ParOldGen       total 84992K, used 3283K [0x0000000084600000, 0x0000000089900000, 0x00000000d6d00000)
  object space 84992K, 3% used [0x0000000084600000,0x0000000084934cc8,0x0000000089900000)
 Metaspace       used 20478K, capacity 20676K, committed 20992K, reserved 1067008K
  class space    used 2689K, capacity 2751K, committed 2816K, reserved 1048576K

Card table byte_map: [0x00000000117a0000,0x0000000011b80000] byte_map_base: 0x000000001137d000

Marking Bits: (ParMarkBitMap*) 0x0000000056f1b6d0
 Begin Bits: [0x0000000012220000, 0x0000000014108000)
 End Bits:   [0x0000000014108000, 0x0000000015ff0000)

Polling page: 0x0000000000410000

CodeCache: size=245760Kb used=4166Kb max_used=4166Kb free=241593Kb
 bounds [0x00000000023e0000, 0x0000000002800000, 0x00000000113e0000]
 total_blobs=1685 nmethods=1239 adapters=359
 compilation: enabled

Compilation events (10 events):
Event: 1.924 Thread 0x0000000016d80000 nmethod 1237 0x00000000027efe50 code [0x00000000027effa0, 0x00000000027f0130]
Event: 1.924 Thread 0x0000000016d80000 1234       3       jdk.internal.org.objectweb.asm.Label::resolve (214 bytes)
Event: 1.924 Thread 0x0000000016d80000 nmethod 1234 0x00000000027f0210 code [0x00000000027f03a0, 0x00000000027f0870]
Event: 1.924 Thread 0x0000000016d80000 1235       3       jdk.internal.org.objectweb.asm.AnnotationWriter::<init> (34 bytes)
Event: 1.924 Thread 0x0000000016d80000 nmethod 1235 0x00000000027f0cd0 code [0x00000000027f0e40, 0x00000000027f10c8]
Event: 1.924 Thread 0x0000000016d80000 1238       3       sun.invoke.util.VerifyAccess::isTypeVisible (118 bytes)
Event: 1.925 Thread 0x0000000016d80000 nmethod 1238 0x00000000027f11d0 code [0x00000000027f1520, 0x00000000027f3458]
Event: 1.925 Thread 0x0000000016d80000 1239       3       java.lang.invoke.LambdaForm::parameterType (9 bytes)
Event: 1.926 Thread 0x0000000016d80000 nmethod 1239 0x00000000027f4210 code [0x00000000027f4380, 0x00000000027f4528]
Event: 1.929 Thread 0x0000000016d72800 1240       4       java.io.WinNTFileSystem::normalize (143 bytes)

GC Heap History (4 events):
Event: 0.268 GC heap before
{Heap before GC invocations=1 (full 0):
 PSYoungGen      total 36864K, used 31744K [0x00000000d6d00000, 0x00000000d9600000, 0x0000000100000000)
  eden space 31744K, 100% used [0x00000000d6d00000,0x00000000d8c00000,0x00000000d8c00000)
  from space 5120K, 0% used [0x00000000d9100000,0x00000000d9100000,0x00000000d9600000)
  to   space 5120K, 0% used [0x00000000d8c00000,0x00000000d8c00000,0x00000000d9100000)
 ParOldGen       total 84992K, used 0K [0x0000000084600000, 0x0000000089900000, 0x00000000d6d00000)
  object space 84992K, 0% used [0x0000000084600000,0x0000000084600000,0x0000000089900000)
 Metaspace       used 3897K, capacity 5072K, committed 5376K, reserved 1056768K
  class space    used 430K, capacity 460K, committed 512K, reserved 1048576K
Event: 0.270 GC heap after
Heap after GC invocations=1 (full 0):
 PSYoungGen      total 36864K, used 1118K [0x00000000d6d00000, 0x00000000d9600000, 0x0000000100000000)
  eden space 31744K, 0% used [0x00000000d6d00000,0x00000000d6d00000,0x00000000d8c00000)
  from space 5120K, 21% used [0x00000000d8c00000,0x00000000d8d17998,0x00000000d9100000)
  to   space 5120K, 0% used [0x00000000d9100000,0x00000000d9100000,0x00000000d9600000)
 ParOldGen       total 84992K, used 8K [0x0000000084600000, 0x0000000089900000, 0x00000000d6d00000)
  object space 84992K, 0% used [0x0000000084600000,0x0000000084602000,0x0000000089900000)
 Metaspace       used 3897K, capacity 5072K, committed 5376K, reserved 1056768K
  class space    used 430K, capacity 460K, committed 512K, reserved 1048576K
}
Event: 1.630 GC heap before
{Heap before GC invocations=2 (full 0):
 PSYoungGen      total 36864K, used 32862K [0x00000000d6d00000, 0x00000000d9600000, 0x0000000100000000)
  eden space 31744K, 100% used [0x00000000d6d00000,0x00000000d8c00000,0x00000000d8c00000)
  from space 5120K, 21% used [0x00000000d8c00000,0x00000000d8d17998,0x00000000d9100000)
  to   space 5120K, 0% used [0x00000000d9100000,0x00000000d9100000,0x00000000d9600000)
 ParOldGen       total 84992K, used 8K [0x0000000084600000, 0x0000000089900000, 0x00000000d6d00000)
  object space 84992K, 0% used [0x0000000084600000,0x0000000084602000,0x0000000089900000)
 Metaspace       used 16828K, capacity 17038K, committed 17280K, reserved 1064960K
  class space    used 2220K, capacity 2328K, committed 2432K, reserved 1048576K
Event: 1.640 GC heap after
Heap after GC invocations=2 (full 0):
 PSYoungGen      total 36864K, used 5091K [0x00000000d6d00000, 0x00000000d9600000, 0x0000000100000000)
  eden space 31744K, 0% used [0x00000000d6d00000,0x00000000d6d00000,0x00000000d8c00000)
  from space 5120K, 99% used [0x00000000d9100000,0x00000000d95f8d00,0x00000000d9600000)
  to   space 5120K, 0% used [0x00000000d8c00000,0x00000000d8c00000,0x00000000d9100000)
 ParOldGen       total 84992K, used 3283K [0x0000000084600000, 0x0000000089900000, 0x00000000d6d00000)
  object space 84992K, 3% used [0x0000000084600000,0x0000000084934cc8,0x0000000089900000)
 Metaspace       used 16828K, capacity 17038K, committed 17280K, reserved 1064960K
  class space    used 2220K, capacity 2328K, committed 2432K, reserved 1048576K
}

Deoptimization events (10 events):
Event: 0.496 Thread 0x000000000042d800 Uncommon trap: reason=class_check action=maybe_recompile pc=0x00000000025e3044 method=java.util.regex.Pattern$BmpCharProperty.match(Ljava/util/regex/Matcher;ILjava/lang/CharSequence;)Z @ 31
Event: 0.567 Thread 0x000000000042d800 Uncommon trap: reason=unstable_if action=reinterpret pc=0x0000000002558f5c method=java.lang.String.indexOf([CII[CIII)I @ 134
Event: 0.619 Thread 0x000000000042d800 Uncommon trap: reason=unstable_if action=reinterpret pc=0x000000000264c234 method=java.util.HashMap.getNode(ILjava/lang/Object;)Ljava/util/HashMap$Node; @ 129
Event: 0.645 Thread 0x000000000042d800 Uncommon trap: reason=range_check action=make_not_entrant pc=0x0000000002664ba0 method=sun.reflect.generics.parser.SignatureParser.current()C @ 34
Event: 0.726 Thread 0x000000000042d800 Uncommon trap: reason=unstable_if action=reinterpret pc=0x000000000264ba54 method=java.lang.AbstractStringBuilder.append(Ljava/lang/String;)Ljava/lang/AbstractStringBuilder; @ 1
Event: 1.135 Thread 0x000000000042d800 Uncommon trap: reason=unstable_if action=reinterpret pc=0x00000000025eb69c method=java.lang.AbstractStringBuilder.append(Ljava/lang/String;)Ljava/lang/AbstractStringBuilder; @ 1
Event: 1.214 Thread 0x000000000042d800 Uncommon trap: reason=unstable_if action=reinterpret pc=0x00000000027394ac method=java.util.Properties.loadConvert([CII[C)Ljava/lang/String; @ 4
Event: 1.444 Thread 0x000000000042d800 Uncommon trap: reason=predicate action=maybe_recompile pc=0x00000000026feffc method=sun.net.www.ParseUtil.encodePath(Ljava/lang/String;Z)Ljava/lang/String; @ 36
Event: 1.581 Thread 0x000000000042d800 Uncommon trap: reason=bimorphic action=maybe_recompile pc=0x000000000275bdd4 method=java.util.HashMap.putVal(ILjava/lang/Object;Ljava/lang/Object;ZZ)Ljava/lang/Object; @ 203
Event: 1.705 Thread 0x000000000042d800 Uncommon trap: reason=unstable_if action=reinterpret pc=0x000000000271b038 method=java.io.WinNTFileSystem.normalize(Ljava/lang/String;)Ljava/lang/String; @ 128

Internal exceptions (10 events):
Event: 0.632 Thread 0x000000000042d800 Exception <a 'java/lang/ArrayIndexOutOfBoundsException'> (0x00000000d7679d98) thrown at [C:\re\workspace\8-2-build-windows-amd64-cygwin\jdk8u121\8372\hotspot\src\share\vm\runtime\sharedRuntime.cpp, line 605]
Event: 0.632 Thread 0x000000000042d800 Exception <a 'java/lang/ArrayIndexOutOfBoundsException'> (0x00000000d767b070) thrown at [C:\re\workspace\8-2-build-windows-amd64-cygwin\jdk8u121\8372\hotspot\src\share\vm\runtime\sharedRuntime.cpp, line 605]
Event: 0.633 Thread 0x000000000042d800 Exception <a 'java/lang/ArrayIndexOutOfBoundsException'> (0x00000000d767c780) thrown at [C:\re\workspace\8-2-build-windows-amd64-cygwin\jdk8u121\8372\hotspot\src\share\vm\runtime\sharedRuntime.cpp, line 605]
Event: 0.645 Thread 0x000000000042d800 Exception <a 'java/lang/ArrayIndexOutOfBoundsException': 79> (0x00000000d76cafc0) thrown at [C:\re\workspace\8-2-build-windows-amd64-cygwin\jdk8u121\8372\hotspot\src\share\vm\interpreter\interpreterRuntime.cpp, line 366]
Event: 0.645 Thread 0x000000000042d800 Exception <a 'java/lang/ArrayIndexOutOfBoundsException': 38> (0x00000000d76cbd88) thrown at [C:\re\workspace\8-2-build-windows-amd64-cygwin\jdk8u121\8372\hotspot\src\share\vm\interpreter\interpreterRuntime.cpp, line 366]
Event: 0.645 Thread 0x000000000042d800 Exception <a 'java/lang/ArrayIndexOutOfBoundsException': 81> (0x00000000d76ccd70) thrown at [C:\re\workspace\8-2-build-windows-amd64-cygwin\jdk8u121\8372\hotspot\src\share\vm\interpreter\interpreterRuntime.cpp, line 366]
Event: 0.645 Thread 0x000000000042d800 Exception <a 'java/lang/ArrayIndexOutOfBoundsException': 83> (0x00000000d76cdd40) thrown at [C:\re\workspace\8-2-build-windows-amd64-cygwin\jdk8u121\8372\hotspot\src\share\vm\interpreter\interpreterRuntime.cpp, line 366]
Event: 0.645 Thread 0x000000000042d800 Exception <a 'java/lang/ArrayIndexOutOfBoundsException': 78> (0x00000000d76cece8) thrown at [C:\re\workspace\8-2-build-windows-amd64-cygwin\jdk8u121\8372\hotspot\src\share\vm\interpreter\interpreterRuntime.cpp, line 366]
Event: 0.726 Thread 0x000000000042d800 Implicit null exception at 0x000000000264b696 to 0x000000000264ba39
Event: 1.135 Thread 0x000000000042d800 Implicit null exception at 0x00000000025eb2d6 to 0x00000000025eb685

Events (10 events):
Event: 1.931 loading class org/hibernate/internal/EntityManagerMessageLogger
Event: 1.931 loading class org/hibernate/internal/EntityManagerMessageLogger done
Event: 1.931 loading class org/hibernate/internal/EntityManagerMessageLogger_$logger_en_US
Event: 1.931 loading class org/hibernate/internal/EntityManagerMessageLogger_$logger_en_US done
Event: 1.932 loading class org/hibernate/internal/EntityManagerMessageLogger_$logger_en
Event: 1.932 loading class org/hibernate/internal/EntityManagerMessageLogger_$logger_en done
Event: 1.932 loading class org/hibernate/internal/EntityManagerMessageLogger_$logger
Event: 1.932 loading class org/hibernate/internal/EntityManagerMessageLogger_$logger done
Event: 1.938 loading class java/net/URISyntaxException
Event: 1.938 loading class java/net/URISyntaxException done


Dynamic libraries:
0x00007ff6e3150000 - 0x00007ff6e3187000 	C:\Program Files\Java\jre1.8.0_121\bin\javaw.exe
0x00007ffafd980000 - 0x00007ffafdb5b000 	C:\WINDOWS\SYSTEM32\ntdll.dll
0x00007ffafd8a0000 - 0x00007ffafd94e000 	C:\WINDOWS\System32\KERNEL32.DLL
0x00007ffaf9b60000 - 0x00007ffaf9da9000 	C:\WINDOWS\System32\KERNELBASE.dll
0x00007ffafd7f0000 - 0x00007ffafd891000 	C:\WINDOWS\System32\ADVAPI32.dll
0x00007ffafb6f0000 - 0x00007ffafb78d000 	C:\WINDOWS\System32\msvcrt.dll
0x00007ffafb180000 - 0x00007ffafb1d9000 	C:\WINDOWS\System32\sechost.dll
0x00007ffafb2f0000 - 0x00007ffafb415000 	C:\WINDOWS\System32\RPCRT4.dll
0x00007ffafd410000 - 0x00007ffafd55a000 	C:\WINDOWS\System32\USER32.dll
0x00007ffafa500000 - 0x00007ffafa51e000 	C:\WINDOWS\System32\win32u.dll
0x00007ffafd950000 - 0x00007ffafd977000 	C:\WINDOWS\System32\GDI32.dll
0x00007ffaf96f0000 - 0x00007ffaf9877000 	C:\WINDOWS\System32\gdi32full.dll
0x00007ffaf98f0000 - 0x00007ffaf998a000 	C:\WINDOWS\System32\msvcp_win.dll
0x00007ffafa520000 - 0x00007ffafa616000 	C:\WINDOWS\System32\ucrtbase.dll
0x00007ffaec360000 - 0x00007ffaec5c7000 	C:\WINDOWS\WinSxS\amd64_microsoft.windows.common-controls_6595b64144ccf1df_6.0.15063.483_none_26002d27e7c744a2\COMCTL32.dll
0x00007ffafae80000 - 0x00007ffafb179000 	C:\WINDOWS\System32\combase.dll
0x00007ffaf9880000 - 0x00007ffaf98ea000 	C:\WINDOWS\System32\bcryptPrimitives.dll
0x00007ffafd680000 - 0x00007ffafd6ad000 	C:\WINDOWS\System32\IMM32.DLL
0x00007ffaf8540000 - 0x00007ffaf8570000 	C:\Windows\system32\nvinitx.dll
0x00007ffaf8530000 - 0x00007ffaf853a000 	C:\WINDOWS\SYSTEM32\VERSION.dll
0x0000000055600000 - 0x00000000556d2000 	C:\Program Files\Java\jre1.8.0_121\bin\msvcr100.dll
0x0000000056700000 - 0x0000000056f9b000 	C:\Program Files\Java\jre1.8.0_121\bin\server\jvm.dll
0x00007ffafd560000 - 0x00007ffafd568000 	C:\WINDOWS\System32\PSAPI.DLL
0x00007ffaea970000 - 0x00007ffaea979000 	C:\WINDOWS\SYSTEM32\WSOCK32.dll
0x00007ffafd610000 - 0x00007ffafd67c000 	C:\WINDOWS\System32\WS2_32.dll
0x00007ffaf7ac0000 - 0x00007ffaf7ae3000 	C:\WINDOWS\SYSTEM32\WINMM.dll
0x00007ffaf7a90000 - 0x00007ffaf7abb000 	C:\WINDOWS\SYSTEM32\WINMMBASE.dll
0x00007ffafa4b0000 - 0x00007ffafa4f9000 	C:\WINDOWS\System32\cfgmgr32.dll
0x00000000562f0000 - 0x00000000562ff000 	C:\Program Files\Java\jre1.8.0_121\bin\verify.dll
0x00000000562c0000 - 0x00000000562e9000 	C:\Program Files\Java\jre1.8.0_121\bin\java.dll
0x00000000562a0000 - 0x00000000562b6000 	C:\Program Files\Java\jre1.8.0_121\bin\zip.dll
0x00007ffafbfd0000 - 0x00007ffafd406000 	C:\WINDOWS\System32\SHELL32.dll
0x00007ffafadd0000 - 0x00007ffafae7a000 	C:\WINDOWS\System32\shcore.dll
0x00007ffaf9db0000 - 0x00007ffafa4a1000 	C:\WINDOWS\System32\windows.storage.dll
0x00007ffafbc40000 - 0x00007ffafbc91000 	C:\WINDOWS\System32\shlwapi.dll
0x00007ffaf96b0000 - 0x00007ffaf96c1000 	C:\WINDOWS\System32\kernel.appcore.dll
0x00007ffaf9640000 - 0x00007ffaf968c000 	C:\WINDOWS\System32\powrprof.dll
0x00007ffaf96d0000 - 0x00007ffaf96e5000 	C:\WINDOWS\System32\profapi.dll
0x0000000056280000 - 0x000000005629a000 	C:\Program Files\Java\jre1.8.0_121\bin\net.dll
0x00007ffaf8f50000 - 0x00007ffaf8fac000 	C:\WINDOWS\system32\mswsock.dll
0x00007ffaf8d30000 - 0x00007ffaf8dd4000 	C:\WINDOWS\SYSTEM32\DNSAPI.dll
0x00007ffafb6e0000 - 0x00007ffafb6e8000 	C:\WINDOWS\System32\NSI.dll
0x00007ffaf8cf0000 - 0x00007ffaf8d27000 	C:\WINDOWS\SYSTEM32\IPHLPAPI.DLL
0x00007ffaeef40000 - 0x00007ffaeef4a000 	C:\Windows\System32\rasadhlp.dll
0x00007ffaf4950000 - 0x00007ffaf49bb000 	C:\WINDOWS\System32\fwpuclnt.dll
0x00007ffaf9200000 - 0x00007ffaf9225000 	C:\WINDOWS\SYSTEM32\bcrypt.dll
0x00007ffaf9100000 - 0x00007ffaf9117000 	C:\WINDOWS\SYSTEM32\CRYPTSP.dll
0x00007ffaf8b80000 - 0x00007ffaf8bb4000 	C:\WINDOWS\system32\rsaenh.dll
0x00007ffaf9570000 - 0x00007ffaf9599000 	C:\WINDOWS\SYSTEM32\USERENV.dll
0x00007ffaf90f0000 - 0x00007ffaf90fb000 	C:\WINDOWS\SYSTEM32\CRYPTBASE.dll
0x00007ffaf4930000 - 0x00007ffaf4946000 	C:\WINDOWS\SYSTEM32\dhcpcsvc6.DLL
0x00007ffaf4910000 - 0x00007ffaf492a000 	C:\WINDOWS\SYSTEM32\dhcpcsvc.DLL
0x0000000056260000 - 0x0000000056271000 	C:\Program Files\Java\jre1.8.0_121\bin\nio.dll

VM Arguments:
jvm_args: -Dfile.encoding=Cp1251 
java_command: hibernate.demo.QueryStudentDemo
java_class_path (initial): C:\_java_practice\hibernate-tutorial\bin;C:\_java_practice\hibernate-tutorial\lib\antlr-2.7.7.jar;C:\_java_practice\hibernate-tutorial\lib\classmate-1.3.0.jar;C:\_java_practice\hibernate-tutorial\lib\dom4j-1.6.1.jar;C:\_java_practice\hibernate-tutorial\lib\hibernate-commons-annotations-5.0.1.Final.jar;C:\_java_practice\hibernate-tutorial\lib\hibernate-core-5.2.12.Final.jar;C:\_java_practice\hibernate-tutorial\lib\hibernate-jpa-2.1-api-1.0.0.Final.jar;C:\_java_practice\hibernate-tutorial\lib\jandex-2.0.3.Final.jar;C:\_java_practice\hibernate-tutorial\lib\javassist-3.20.0-GA.jar;C:\_java_practice\hibernate-tutorial\lib\jboss-logging-3.3.0.Final.jar;C:\_java_practice\hibernate-tutorial\lib\jboss-transaction-api_1.2_spec-1.0.1.Final.jar;C:\_java_practice\hibernate-tutorial\lib\mysql-connector-java-5.1.44-bin.jar
Launcher Type: SUN_STANDARD

Environment Variables:
PATH=C:/Program Files/Java/jre1.8.0_121/bin/server;C:/Program Files/Java/jre1.8.0_121/bin;C:/Program Files/Java/jre1.8.0_121/lib/amd64;C:\ProgramData\Oracle\Java\javapath;C:\Program Files (x86)\Intel\iCLS Client\;C:\Program Files\Intel\iCLS Client\;C:\Program Files (x86)\NVIDIA Corporation\PhysX\Common;C:\WINDOWS\system32;C:\WINDOWS;C:\WINDOWS\System32\Wbem;C:\WINDOWS\System32\WindowsPowerShell\v1.0\;C:\Program Files\Intel\WiFi\bin\;C:\Program Files\Common Files\Intel\WirelessCommon\;C:\Program Files (x86)\Skype\Phone\;C:\Program Files\TortoiseSVN\bin;C:\Program Files\Intel\Intel(R) Management Engine Components\DAL;C:\Program Files\Intel\Intel(R) Management Engine Components\IPT;C:\Program Files (x86)\Intel\Intel(R) Management Engine Components\DAL;C:\Program Files (x86)\Intel\Intel(R) Management Engine Components\IPT;C:\Program Files\TortoiseGit\bin;C:\Program Files\Git\cmd;C:\Program Files\MySQL\MySQL Utilities 1.6\;C:\Users\vasil.stoychev\AppData\Local\Microsoft\WindowsApps;;C:\eclipse;
USERNAME=vasil.stoychev
OS=Windows_NT
PROCESSOR_IDENTIFIER=Intel64 Family 6 Model 60 Stepping 3, GenuineIntel



---------------  S Y S T E M  ---------------

OS: Windows 10.0 , 64 bit Build 15063 (10.0.15063.296)

CPU:total 4 (2 cores per cpu, 2 threads per core) family 6 model 60 stepping 3, cmov, cx8, fxsr, mmx, sse, sse2, sse3, ssse3, sse4.1, sse4.2, popcnt, avx, avx2, aes, clmul, erms, lzcnt, ht, tsc, tscinvbit, bmi1, bmi2

Memory: 4k page, physical 8094648k(2102740k free), swap 8094648k(5412k free)

vm_info: Java HotSpot(TM) 64-Bit Server VM (25.121-b13) for windows-amd64 JRE (1.8.0_121-b13), built on Dec 12 2016 18:21:36 by "java_re" with MS VC++ 10.0 (VS2010)

time: Mon Oct 23 10:48:30 2017
elapsed time: 1 seconds (0d 0h 0m 1s)

